
***********************************************************************************************************************************************************************************************************************************************************************************

BASH Script:       CDAWEB_HARVEST_CUSTOM

Processing Start:  Sat Oct 12 15:14:53 2024

***********************************************************************************************************************************************************************************************************************************************************************************

***********************************************************************************************************************************************************************************************************************************************************************************

Function:          CDAWEB_SPASE_MODEL

Processing Start:  Sat Oct 12 15:14:53 2024

***********************************************************************************************************************************************************************************************************************************************************************************

SPASE Version:     2_6_1

***********************************************************************************************************************************************************************************************************************************************************************************

***********************************************************************************************************************************************************************************************************************************************************************************

Spase Model Ontology Tab Table File Name:    /home/jovyan/efs/lbargatze/Space/PROGRAMS/HARVEST/SPASE/SCHEMA/TAB_FILES/2_6_1/ontology.tab

Ontology Tab Table Record Count:             608

Spase Model History Tab Table File Name:     /home/jovyan/efs/lbargatze/Space/PROGRAMS/HARVEST/SPASE/SCHEMA/TAB_FILES/2_6_1/history.tab

History Tab Table Record Count:              331

Spase Model Type Tab Table File Name:        /home/jovyan/efs/lbargatze/Space/PROGRAMS/HARVEST/SPASE/SCHEMA/TAB_FILES/2_6_1/type.tab

Type Tab Table Record Count:                  15

Spase Model Dictionary Tab Table File Name:  /home/jovyan/efs/lbargatze/Space/PROGRAMS/HARVEST/SPASE/SCHEMA/TAB_FILES/2_6_1/dictionary.tab

Dictionary Tab Table Record Count:           872

***********************************************************************************************************************************************************************************************************************************************************************************

***********************************************************************************************************************************************************************************************************************************************************************************

Spase Model List Tab Table File Name:        /home/jovyan/efs/lbargatze/Space/PROGRAMS/HARVEST/SPASE/SCHEMA/TAB_FILES/2_6_1/list.tab

List Tab Table Record Count:                  66

Spase Model Member Tab Table File Name:      /home/jovyan/efs/lbargatze/Space/PROGRAMS/HARVEST/SPASE/SCHEMA/TAB_FILES/2_6_1/member.tab

Member Tab Table Record Count:               948

Spase Model Type Tab Table File Name:        /home/jovyan/efs/lbargatze/Space/PROGRAMS/HARVEST/SPASE/SCHEMA/TAB_FILES/2_6_1/type.tab

Type Tab Table Record Count:                  15

Spase Model Dictionary Tab Table File Name:  /home/jovyan/efs/lbargatze/Space/PROGRAMS/HARVEST/SPASE/SCHEMA/TAB_FILES/2_6_1/dictionary.tab

Dictionary Tab Table Record Count:           872

***********************************************************************************************************************************************************************************************************************************************************************************

Number of Enumeration Lists:    43     43     66

 00             Access Rights           0      3
 01           Annotation Type           0      3
 02     Application Interface           0      3
 03          Association Type           0      6
 04              Availability           0      2
 05     Classification Method           0      3
 06         Confidence Rating           0      4
 07 Coordinate Representation           0      3
 08    Coordinate System Name           0     51
 09              Display Type           0      6
 10             Document Type           0      9
 11                  Encoding           0      9
 12            Field Quantity           0      9
 13                    Format           1     47
 14             Hash Function           0      3
 15           Instrument Type           0     52
 16          Measurement Type           1     22
 17            Mixed Quantity           0     11
 18            Modeled Region           1    135
 19                Model Type           0     10
 20        Parameter Quantity           1    218
 21         Particle Quantity           1     42
 22             Particle Type           0     11
 23           Phenomenon Type           0     19
 24           Proc Coeff Type           0      4
 25          Processing Level           0      4
 26              Process Type           0      4
 27                   Product           0      6
 28                 Qualifier           1     72
 29                    Region           1    125
 30            Rendering Axis           0      3
 31                      Role           0     28
 32            Saved Quantity           1     83
 33                Scale Type           0      2
 34               Source Type           0      5
 35   Specific Modeled Region           0     10
 36            Spectral Range           0     20
 37                     Style           0     10
 38          Support Quantity           0     16
 39                  Symmetry           0      4
 40             Wave Quantity           0     24
 41                 Wave Type           0      6
 42                        YN           0      2

***********************************************************************************************************************************************************************************************************************************************************************************

WARNING:  Structure already exists for bin
WARNING:  Structure already exists for bin
WARNING:  Structure already exists for bin
WARNING:  Structure already exists for bin
WARNING:  Structure already exists for bin
WARNING:  Structure already exists for bin
WARNING:  Structure already exists for bin
WARNING:  Structure already exists for bin
WARNING:  Structure already exists for rendering_hints
WARNING:  Structure already exists for bin
WARNING:  Structure already exists for bin
WARNING:  Structure already exists for bin
WARNING:  Structure already exists for bin
WARNING:  Structure already exists for bin
WARNING:  Structure already exists for bin
WARNING:  Structure already exists for bin
WARNING:  Structure already exists for bin
WARNING:  Structure already exists for bin
WARNING:  Structure already exists for rendering_hints
WARNING:  Structure already exists for bin
WARNING:  Structure already exists for bin
WARNING:  Structure already exists for bin
WARNING:  Structure already exists for bin
WARNING:  Structure already exists for bin
WARNING:  Structure already exists for bin
WARNING:  Structure already exists for bin
WARNING:  Structure already exists for bin
WARNING:  Structure already exists for bin
WARNING:  Structure already exists for rendering_hints
WARNING:  Structure already exists for bin
WARNING:  Structure already exists for bin
WARNING:  Structure already exists for bin
WARNING:  Structure already exists for bin
WARNING:  Structure already exists for bin
WARNING:  Structure already exists for bin
WARNING:  Structure already exists for bin
WARNING:  Structure already exists for bin
WARNING:  Structure already exists for bin
WARNING:  Structure already exists for energy_range
WARNING:  Structure already exists for frequency_range
WARNING:  Structure already exists for rendering_hints
WARNING:  Structure already exists for bin
WARNING:  Structure already exists for bin
WARNING:  Structure already exists for bin
WARNING:  Structure already exists for bin
WARNING:  Structure already exists for bin
WARNING:  Structure already exists for bin
WARNING:  Structure already exists for bin
WARNING:  Structure already exists for bin
WARNING:  Structure already exists for bin
WARNING:  Structure already exists for rendering_hints
WARNING:  Structure already exists for bin
WARNING:  Structure already exists for bin
WARNING:  Structure already exists for bin
WARNING:  Structure already exists for bin
WARNING:  Structure already exists for bin
WARNING:  Structure already exists for bin
WARNING:  Structure already exists for bin
WARNING:  Structure already exists for bin
WARNING:  Structure already exists for bin
WARNING:  Structure already exists for element
WARNING:  Structure already exists for frequency_range
WARNING:  Structure already exists for energy_range
WARNING:  Structure already exists for azimuthal_angle_range
WARNING:  Structure already exists for polar_angle_range
WARNING:  Structure already exists for mass_range
WARNING:  Structure already exists for pitch_angle_range
WARNING:  Structure already exists for energy_range
WARNING:  Structure already exists for frequency_range
WARNING:  Structure already exists for wavelength_range
WARNING:  Structure already exists for coordinate_system
WARNING:  Structure already exists for revision_event
WARNING:  Structure already exists for element
WARNING:  Structure already exists for frequency_range
WARNING:  Structure already exists for energy_range
WARNING:  Structure already exists for azimuthal_angle_range
WARNING:  Structure already exists for polar_angle_range
WARNING:  Structure already exists for mass_range
WARNING:  Structure already exists for pitch_angle_range
WARNING:  Structure already exists for energy_range
WARNING:  Structure already exists for frequency_range
WARNING:  Structure already exists for wavelength_range
WARNING:  Structure already exists for coordinate_system
WARNING:  Structure already exists for revision_event
WARNING:  Structure already exists for element
WARNING:  Structure already exists for frequency_range
WARNING:  Structure already exists for energy_range
WARNING:  Structure already exists for azimuthal_angle_range
WARNING:  Structure already exists for polar_angle_range
WARNING:  Structure already exists for mass_range
WARNING:  Structure already exists for pitch_angle_range
WARNING:  Structure already exists for energy_range
WARNING:  Structure already exists for frequency_range
WARNING:  Structure already exists for wavelength_range
WARNING:  Structure already exists for coordinate_system
WARNING:  Structure already exists for revision_event
WARNING:  Structure already exists for revision_event
WARNING:  Structure already exists for revision_event
WARNING:  Structure already exists for revision_event
WARNING:  Structure already exists for revision_event
WARNING:  Structure already exists for revision_event
WARNING:  Structure already exists for revision_event
WARNING:  Structure already exists for revision_event
WARNING:  Structure already exists for revision_event
WARNING:  Structure already exists for coordinate_system
WARNING:  Structure already exists for revision_event
WARNING:  Structure already exists for coordinate_system
WARNING:  Structure already exists for rendering_hints
WARNING:  Structure already exists for revision_event
WARNING:  Structure already exists for revision_event
WARNING:  Structure already exists for element
WARNING:  Structure already exists for frequency_range
WARNING:  Structure already exists for energy_range
WARNING:  Structure already exists for azimuthal_angle_range
WARNING:  Structure already exists for polar_angle_range
WARNING:  Structure already exists for mass_range
WARNING:  Structure already exists for pitch_angle_range
WARNING:  Structure already exists for energy_range
WARNING:  Structure already exists for frequency_range
WARNING:  Structure already exists for wavelength_range
WARNING:  Structure already exists for coordinate_system
WARNING:  Structure already exists for revision_event
WARNING:  Structure already exists for element
WARNING:  Structure already exists for frequency_range
WARNING:  Structure already exists for energy_range
WARNING:  Structure already exists for azimuthal_angle_range
WARNING:  Structure already exists for polar_angle_range
WARNING:  Structure already exists for mass_range
WARNING:  Structure already exists for pitch_angle_range
WARNING:  Structure already exists for energy_range
WARNING:  Structure already exists for frequency_range
WARNING:  Structure already exists for wavelength_range
WARNING:  Structure already exists for coordinate_system
WARNING:  Structure already exists for coordinate_system
WARNING:  Structure already exists for rendering_hints
WARNING:  Structure already exists for structure
WARNING:  Structure already exists for field
WARNING:  Structure already exists for particle
WARNING:  Structure already exists for wave
WARNING:  Structure already exists for mixed
WARNING:  Structure already exists for support
WARNING:  Structure already exists for spatial_coverage
WARNING:  Structure already exists for revision_history
WARNING:  Structure already exists for publication_info
WARNING:  Structure already exists for funding
WARNING:  Structure already exists for contact
WARNING:  Structure already exists for information_url
WARNING:  Structure already exists for association
WARNING:  Structure already exists for access_url
WARNING:  Structure already exists for data_extent
WARNING:  Structure already exists for coordinate_system
WARNING:  Structure already exists for coordinate_system
WARNING:  Structure already exists for rendering_hints
WARNING:  Structure already exists for structure
WARNING:  Structure already exists for field
WARNING:  Structure already exists for particle
WARNING:  Structure already exists for wave
WARNING:  Structure already exists for mixed
WARNING:  Structure already exists for support
WARNING:  Structure already exists for spatial_coverage
WARNING:  Structure already exists for revision_history
WARNING:  Structure already exists for publication_info
WARNING:  Structure already exists for funding
WARNING:  Structure already exists for contact
WARNING:  Structure already exists for information_url
WARNING:  Structure already exists for association
WARNING:  Structure already exists for access_url
WARNING:  Structure already exists for data_extent
WARNING:  Structure already exists for time_span
WARNING:  Structure already exists for coordinate_system
WARNING:  Structure already exists for coordinate_system
WARNING:  Structure already exists for rendering_hints
WARNING:  Structure already exists for structure
WARNING:  Structure already exists for field
WARNING:  Structure already exists for particle
WARNING:  Structure already exists for wave
WARNING:  Structure already exists for mixed
WARNING:  Structure already exists for support
WARNING:  Structure already exists for spatial_coverage
WARNING:  Structure already exists for coordinate_system
WARNING:  Structure already exists for data_extent
WARNING:  Structure already exists for revision_history
WARNING:  Structure already exists for publication_info
WARNING:  Structure already exists for funding
WARNING:  Structure already exists for contact
WARNING:  Structure already exists for information_url
WARNING:  Structure already exists for association
WARNING:  Structure already exists for revision_history
WARNING:  Structure already exists for publication_info
WARNING:  Structure already exists for funding
WARNING:  Structure already exists for contact
WARNING:  Structure already exists for information_url
WARNING:  Structure already exists for association
WARNING:  Structure already exists for revision_history
WARNING:  Structure already exists for publication_info
WARNING:  Structure already exists for funding
WARNING:  Structure already exists for contact
WARNING:  Structure already exists for information_url
WARNING:  Structure already exists for association
WARNING:  Structure already exists for revision_history
WARNING:  Structure already exists for publication_info
WARNING:  Structure already exists for funding
WARNING:  Structure already exists for contact
WARNING:  Structure already exists for information_url
WARNING:  Structure already exists for association
WARNING:  Structure already exists for revision_history
WARNING:  Structure already exists for publication_info
WARNING:  Structure already exists for funding
WARNING:  Structure already exists for contact
WARNING:  Structure already exists for information_url
WARNING:  Structure already exists for association
WARNING:  Structure already exists for revision_history
WARNING:  Structure already exists for publication_info
WARNING:  Structure already exists for funding
WARNING:  Structure already exists for contact
WARNING:  Structure already exists for information_url
WARNING:  Structure already exists for association
WARNING:  Structure already exists for revision_history
WARNING:  Structure already exists for publication_info
WARNING:  Structure already exists for funding
WARNING:  Structure already exists for contact
WARNING:  Structure already exists for information_url
WARNING:  Structure already exists for association
WARNING:  Structure already exists for access_url
WARNING:  Structure already exists for data_extent
WARNING:  Structure already exists for revision_history
WARNING:  Structure already exists for publication_info
WARNING:  Structure already exists for funding
WARNING:  Structure already exists for contact
WARNING:  Structure already exists for information_url
WARNING:  Structure already exists for association
WARNING:  Structure already exists for access_url
WARNING:  Structure already exists for data_extent
WARNING:  Structure already exists for revision_history
WARNING:  Structure already exists for publication_info
WARNING:  Structure already exists for funding
WARNING:  Structure already exists for contact
WARNING:  Structure already exists for information_url
WARNING:  Structure already exists for association
WARNING:  Structure already exists for access_url
WARNING:  Structure already exists for data_extent
WARNING:  Structure already exists for spatial_coverage
WARNING:  Structure already exists for revision_history
WARNING:  Structure already exists for publication_info
WARNING:  Structure already exists for funding
WARNING:  Structure already exists for contact
WARNING:  Structure already exists for information_url
WARNING:  Structure already exists for association
WARNING:  Structure already exists for access_url
WARNING:  Structure already exists for data_extent
WARNING:  Structure already exists for coordinate_system
WARNING:  Structure already exists for revision_history
WARNING:  Structure already exists for publication_info
WARNING:  Structure already exists for funding
WARNING:  Structure already exists for contact
WARNING:  Structure already exists for information_url
WARNING:  Structure already exists for association
WARNING:  Structure already exists for access_url
WARNING:  Structure already exists for data_extent
WARNING:  Structure already exists for coordinate_system
WARNING:  Structure already exists for property
WARNING:  Structure already exists for property
WARNING:  Structure already exists for coordinate_system
WARNING:  Structure already exists for revision_history
WARNING:  Structure already exists for publication_info
WARNING:  Structure already exists for funding
WARNING:  Structure already exists for contact
WARNING:  Structure already exists for information_url
WARNING:  Structure already exists for association
WARNING:  Structure already exists for access_url
WARNING:  Structure already exists for data_extent
WARNING:  Structure already exists for time_span
WARNING:  Structure already exists for coordinate_system
WARNING:  Structure already exists for coordinate_system
WARNING:  Structure already exists for rendering_hints
WARNING:  Structure already exists for structure
WARNING:  Structure already exists for field
WARNING:  Structure already exists for particle
WARNING:  Structure already exists for wave
WARNING:  Structure already exists for mixed
WARNING:  Structure already exists for support
WARNING:  Structure already exists for spatial_coverage
WARNING:  Structure already exists for revision_history
WARNING:  Structure already exists for publication_info
WARNING:  Structure already exists for funding
WARNING:  Structure already exists for contact
WARNING:  Structure already exists for information_url
WARNING:  Structure already exists for association
WARNING:  Structure already exists for access_url
WARNING:  Structure already exists for data_extent
WARNING:  Structure already exists for time_span
WARNING:  Structure already exists for coordinate_system
WARNING:  Structure already exists for coordinate_system
WARNING:  Structure already exists for rendering_hints
WARNING:  Structure already exists for structure
WARNING:  Structure already exists for field
WARNING:  Structure already exists for particle
WARNING:  Structure already exists for wave
WARNING:  Structure already exists for mixed
WARNING:  Structure already exists for support
WARNING:  Structure already exists for spatial_coverage
WARNING:  Structure already exists for time_span
WARNING:  Structure already exists for parameter
WARNING:  Structure already exists for resource_header
WARNING:  Structure already exists for access_information
WARNING:  Structure already exists for spatial_coverage
WARNING:  Structure already exists for parameter
WARNING:  Structure already exists for resource_header
WARNING:  Structure already exists for access_information
WARNING:  Structure already exists for temporal_description
WARNING:  Structure already exists for spatial_coverage
WARNING:  Structure already exists for parameter
WARNING:  Structure already exists for spatial_coverage
WARNING:  Structure already exists for resource_header
WARNING:  Structure already exists for resource_header
WARNING:  Structure already exists for operating_span
WARNING:  Structure already exists for resource_header
WARNING:  Structure already exists for access_url
WARNING:  Structure already exists for resource_header
WARNING:  Structure already exists for access_url
WARNING:  Structure already exists for resource_header
WARNING:  Structure already exists for access_url
WARNING:  Structure already exists for resource_header
WARNING:  Structure already exists for time_span
WARNING:  Structure already exists for resource_header
WARNING:  Structure already exists for access_information
WARNING:  Structure already exists for resource_header
WARNING:  Structure already exists for access_information
WARNING:  Structure already exists for resource_header
WARNING:  Structure already exists for access_information
WARNING:  Structure already exists for resource_header
WARNING:  Structure already exists for resource_header
WARNING:  Structure already exists for access_information
WARNING:  Structure already exists for resource_header
WARNING:  Structure already exists for access_information
WARNING:  Structure already exists for temporal_description
WARNING:  Structure already exists for spatial_description
WARNING:  Structure already exists for parameter
WARNING:  Structure already exists for property
WARNING:  Structure already exists for resource_header
WARNING:  Structure already exists for access_information
WARNING:  Structure already exists for temporal_description
WARNING:  Structure already exists for spatial_description
WARNING:  Structure already exists for parameter
WARNING:  Structure already exists for property

***********************************************************************************************************************************************************************************************************************************************************************************


+---------------------------------------------------------------------------------------------------------------------------------------------------------------------------------------------------------------------------------------------------------------------------------+

Structure Count:  78

+---------------------------------------------------------------------------------------------------------------------------------------------------------------------------------------------------------------------------------------------------------------------------------+

  000  000        rendering_hints

---------------------------------------

  001  000        bin

---------------------------------------

  002  001        element

  002  001  000   rendering_hints

---------------------------------------

  003  001        frequency_range

  003  001  000   bin

---------------------------------------

  004  001        energy_range

  004  001  000   bin

---------------------------------------

  005  001        azimuthal_angle_range

  005  001  000   bin

---------------------------------------

  006  001        polar_angle_range

  006  001  000   bin

---------------------------------------

  007  001        mass_range

  007  001  000   bin

---------------------------------------

  008  001        pitch_angle_range

  008  001  000   bin

---------------------------------------

  009  001        wavelength_range

  009  001  000   bin

---------------------------------------

  010  000        coordinate_system

---------------------------------------

  011  000        revision_event

---------------------------------------

  012  001        structure

  012  001  000   element

---------------------------------------

  013  001        field

  013  001  000   frequency_range

---------------------------------------

  014  005        particle

  014  005  000   energy_range
  014  005  001   azimuthal_angle_range
  014  005  002   polar_angle_range
  014  005  003   mass_range
  014  005  004   pitch_angle_range

---------------------------------------

  015  003        wave

  015  003  000   energy_range
  015  003  001   frequency_range
  015  003  002   wavelength_range

---------------------------------------

  016  000        mixed

---------------------------------------

  017  000        support

---------------------------------------

  018  001        spatial_coverage

  018  001  000   coordinate_system

---------------------------------------

  019  001        revision_history

  019  001  000   revision_event

---------------------------------------

  020  000        publication_info

---------------------------------------

  021  000        funding

---------------------------------------

  022  000        contact

---------------------------------------

  023  000        information_url

---------------------------------------

  024  000        association

---------------------------------------

  025  000        access_url

---------------------------------------

  026  000        data_extent

---------------------------------------

  027  000        time_span

---------------------------------------

  028  000        checksum

---------------------------------------

  029  000        installer

---------------------------------------

  030  000        model_version

---------------------------------------

  031  000        property

---------------------------------------

  032  009        parameter

  032  009  000   coordinate_system
  032  009  001   rendering_hints
  032  009  002   structure
  032  009  003   field
  032  009  004   particle
  032  009  005   wave
  032  009  006   mixed
  032  009  007   support
  032  009  008   spatial_coverage

---------------------------------------

  033  000        diagnosis_time_step

---------------------------------------

  034  000        boundary_conditions

---------------------------------------

  035  006        resource_header

  035  006  000   revision_history
  035  006  001   publication_info
  035  006  002   funding
  035  006  003   contact
  035  006  004   information_url
  035  006  005   association

---------------------------------------

  036  002        access_information

  036  002  000   access_url
  036  002  001   data_extent

---------------------------------------

  037  001        temporal_description

  037  001  000   time_span

---------------------------------------

  038  002        source

  038  002  000   checksum
  038  002  001   data_extent

---------------------------------------

  039  000        operating_span

---------------------------------------

  040  000        location

---------------------------------------

  041  000        observation_extent

---------------------------------------

  042  001        execution_environment

  042  001  000   installer

---------------------------------------

  043  000        input_property

---------------------------------------

  044  000        output_property

---------------------------------------

  045  001        member

  045  001  000   spatial_coverage

---------------------------------------

  046  002        access_information_optional

  046  002  000   access_url
  046  002  001   data_extent

---------------------------------------

  047  001        versions

  047  001  000   model_version

---------------------------------------

  048  001        spatial_description

  048  001  000   coordinate_system

---------------------------------------

  049  001        input_properties

  049  001  000   property

---------------------------------------

  050  001        output_parameters

  050  001  000   parameter

---------------------------------------

  051  000        model_specification

---------------------------------------

  052  001        model_time

  052  001  000   diagnosis_time_step

---------------------------------------

  053  002        model_domain

  053  002  000   coordinate_system
  053  002  001   boundary_conditions

---------------------------------------

  054  001        region_parameter

  054  001  000   property

---------------------------------------

  055  001        input_parameter

  055  001  000   property

---------------------------------------

  056  000        input_population

---------------------------------------

  057  001        input_field

  057  001  000   coordinate_system

---------------------------------------

  058  000        input_process

---------------------------------------

  059  004        catalog

  059  004  000   resource_header
  059  004  001   access_information
  059  004  002   time_span
  059  004  003   parameter

---------------------------------------

  060  005        display_data

  060  005  000   resource_header
  060  005  001   access_information
  060  005  002   temporal_description
  060  005  003   spatial_coverage
  060  005  004   parameter

---------------------------------------

  061  005        numerical_data

  061  005  000   resource_header
  061  005  001   access_information
  061  005  002   temporal_description
  061  005  003   spatial_coverage
  061  005  004   parameter

---------------------------------------

  062  002        granule

  062  002  000   spatial_coverage
  062  002  001   source

---------------------------------------

  063  002        instrument

  063  002  000   resource_header
  063  002  001   operating_span

---------------------------------------

  064  003        observatory

  064  003  000   resource_header
  064  003  001   location
  064  003  002   operating_span

---------------------------------------

  065  000        person

---------------------------------------

  066  002        registry

  066  002  000   resource_header
  066  002  001   access_url

---------------------------------------

  067  002        repository

  067  002  000   resource_header
  067  002  001   access_url

---------------------------------------

  068  002        service

  068  002  000   resource_header
  068  002  001   access_url

---------------------------------------

  069  003        annotation

  069  003  000   resource_header
  069  003  001   time_span
  069  003  002   observation_extent

---------------------------------------

  070  002        document

  070  002  000   resource_header
  070  002  001   access_information

---------------------------------------

  071  005        software

  071  005  000   resource_header
  071  005  001   access_information
  071  005  002   execution_environment
  071  005  003   input_property
  071  005  004   output_property

---------------------------------------

  072  003        collection

  072  003  000   resource_header
  072  003  001   access_information
  072  003  002   member

---------------------------------------

  073  006        model

  073  006  000   resource_header
  073  006  001   access_information_optional
  073  006  002   versions
  073  006  003   spatial_description
  073  006  004   input_properties
  073  006  005   output_parameters

---------------------------------------

  074  010        model_run

  074  010  000   resource_header
  074  010  001   access_information
  074  010  002   model_specification
  074  010  003   model_time
  074  010  004   model_domain
  074  010  005   region_parameter
  074  010  006   input_parameter
  074  010  007   input_population
  074  010  008   input_field
  074  010  009   input_process

---------------------------------------

  075  006        display_output

  075  006  000   resource_header
  075  006  001   access_information
  075  006  002   temporal_description
  075  006  003   spatial_description
  075  006  004   parameter
  075  006  005   property

---------------------------------------

  076  006        numerical_output

  076  006  000   resource_header
  076  006  001   access_information
  076  006  002   temporal_description
  076  006  003   spatial_description
  076  006  004   parameter
  076  006  005   property

---------------------------------------

  077  018        spase

  077  018  000   catalog
  077  018  001   display_data
  077  018  002   numerical_data
  077  018  003   granule
  077  018  004   instrument
  077  018  005   observatory
  077  018  006   person
  077  018  007   registry
  077  018  008   repository
  077  018  009   service
  077  018  010   annotation
  077  018  011   document
  077  018  012   software
  077  018  013   collection
  077  018  014   model
  077  018  015   model_run
  077  018  016   display_output
  077  018  017   numerical_output

---------------------------------------

+---------------------------------------------------------------------------------------------------------------------------------------------------------------------------------------------------------------------------------------------------------------------------------+

***********************************************************************************************************************************************************************************************************************************************************************************

WARNING:  Structure already exists for bin
WARNING:  Structure already exists for bin
WARNING:  Structure already exists for bin
WARNING:  Structure already exists for bin
WARNING:  Structure already exists for bin
WARNING:  Structure already exists for bin
WARNING:  Structure already exists for bin
WARNING:  Structure already exists for bin
WARNING:  Structure already exists for rendering_hints
WARNING:  Structure already exists for bin
WARNING:  Structure already exists for bin
WARNING:  Structure already exists for bin
WARNING:  Structure already exists for bin
WARNING:  Structure already exists for bin
WARNING:  Structure already exists for bin
WARNING:  Structure already exists for bin
WARNING:  Structure already exists for bin
WARNING:  Structure already exists for bin
WARNING:  Structure already exists for rendering_hints
WARNING:  Structure already exists for bin
WARNING:  Structure already exists for bin
WARNING:  Structure already exists for bin
WARNING:  Structure already exists for bin
WARNING:  Structure already exists for bin
WARNING:  Structure already exists for bin
WARNING:  Structure already exists for bin
WARNING:  Structure already exists for bin
WARNING:  Structure already exists for bin
WARNING:  Structure already exists for rendering_hints
WARNING:  Structure already exists for bin
WARNING:  Structure already exists for bin
WARNING:  Structure already exists for bin
WARNING:  Structure already exists for bin
WARNING:  Structure already exists for bin
WARNING:  Structure already exists for bin
WARNING:  Structure already exists for bin
WARNING:  Structure already exists for bin
WARNING:  Structure already exists for bin
WARNING:  Structure already exists for energy_range
WARNING:  Structure already exists for frequency_range
WARNING:  Structure already exists for rendering_hints
WARNING:  Structure already exists for bin
WARNING:  Structure already exists for bin
WARNING:  Structure already exists for bin
WARNING:  Structure already exists for bin
WARNING:  Structure already exists for bin
WARNING:  Structure already exists for bin
WARNING:  Structure already exists for bin
WARNING:  Structure already exists for bin
WARNING:  Structure already exists for bin
WARNING:  Structure already exists for rendering_hints
WARNING:  Structure already exists for bin
WARNING:  Structure already exists for bin
WARNING:  Structure already exists for bin
WARNING:  Structure already exists for bin
WARNING:  Structure already exists for bin
WARNING:  Structure already exists for bin
WARNING:  Structure already exists for bin
WARNING:  Structure already exists for bin
WARNING:  Structure already exists for bin
WARNING:  Structure already exists for element
WARNING:  Structure already exists for frequency_range
WARNING:  Structure already exists for energy_range
WARNING:  Structure already exists for azimuthal_angle_range
WARNING:  Structure already exists for polar_angle_range
WARNING:  Structure already exists for mass_range
WARNING:  Structure already exists for pitch_angle_range
WARNING:  Structure already exists for energy_range
WARNING:  Structure already exists for frequency_range
WARNING:  Structure already exists for wavelength_range
WARNING:  Structure already exists for coordinate_system
WARNING:  Structure already exists for revision_event
WARNING:  Structure already exists for element
WARNING:  Structure already exists for frequency_range
WARNING:  Structure already exists for energy_range
WARNING:  Structure already exists for azimuthal_angle_range
WARNING:  Structure already exists for polar_angle_range
WARNING:  Structure already exists for mass_range
WARNING:  Structure already exists for pitch_angle_range
WARNING:  Structure already exists for energy_range
WARNING:  Structure already exists for frequency_range
WARNING:  Structure already exists for wavelength_range
WARNING:  Structure already exists for coordinate_system
WARNING:  Structure already exists for revision_event
WARNING:  Structure already exists for element
WARNING:  Structure already exists for frequency_range
WARNING:  Structure already exists for energy_range
WARNING:  Structure already exists for azimuthal_angle_range
WARNING:  Structure already exists for polar_angle_range
WARNING:  Structure already exists for mass_range
WARNING:  Structure already exists for pitch_angle_range
WARNING:  Structure already exists for energy_range
WARNING:  Structure already exists for frequency_range
WARNING:  Structure already exists for wavelength_range
WARNING:  Structure already exists for coordinate_system
WARNING:  Structure already exists for revision_event
WARNING:  Structure already exists for revision_event
WARNING:  Structure already exists for revision_event
WARNING:  Structure already exists for revision_event
WARNING:  Structure already exists for revision_event
WARNING:  Structure already exists for revision_event
WARNING:  Structure already exists for revision_event
WARNING:  Structure already exists for revision_event
WARNING:  Structure already exists for revision_event
WARNING:  Structure already exists for coordinate_system
WARNING:  Structure already exists for revision_event
WARNING:  Structure already exists for coordinate_system
WARNING:  Structure already exists for rendering_hints
WARNING:  Structure already exists for revision_event
WARNING:  Structure already exists for revision_event
WARNING:  Structure already exists for element
WARNING:  Structure already exists for frequency_range
WARNING:  Structure already exists for energy_range
WARNING:  Structure already exists for azimuthal_angle_range
WARNING:  Structure already exists for polar_angle_range
WARNING:  Structure already exists for mass_range
WARNING:  Structure already exists for pitch_angle_range
WARNING:  Structure already exists for energy_range
WARNING:  Structure already exists for frequency_range
WARNING:  Structure already exists for wavelength_range
WARNING:  Structure already exists for coordinate_system
WARNING:  Structure already exists for revision_event
WARNING:  Structure already exists for element
WARNING:  Structure already exists for frequency_range
WARNING:  Structure already exists for energy_range
WARNING:  Structure already exists for azimuthal_angle_range
WARNING:  Structure already exists for polar_angle_range
WARNING:  Structure already exists for mass_range
WARNING:  Structure already exists for pitch_angle_range
WARNING:  Structure already exists for energy_range
WARNING:  Structure already exists for frequency_range
WARNING:  Structure already exists for wavelength_range
WARNING:  Structure already exists for coordinate_system
WARNING:  Structure already exists for coordinate_system
WARNING:  Structure already exists for rendering_hints
WARNING:  Structure already exists for structure
WARNING:  Structure already exists for field
WARNING:  Structure already exists for particle
WARNING:  Structure already exists for wave
WARNING:  Structure already exists for mixed
WARNING:  Structure already exists for support
WARNING:  Structure already exists for spatial_coverage
WARNING:  Structure already exists for revision_history
WARNING:  Structure already exists for publication_info
WARNING:  Structure already exists for funding
WARNING:  Structure already exists for contact
WARNING:  Structure already exists for information_url
WARNING:  Structure already exists for association
WARNING:  Structure already exists for access_url
WARNING:  Structure already exists for data_extent
WARNING:  Structure already exists for coordinate_system
WARNING:  Structure already exists for coordinate_system
WARNING:  Structure already exists for rendering_hints
WARNING:  Structure already exists for structure
WARNING:  Structure already exists for field
WARNING:  Structure already exists for particle
WARNING:  Structure already exists for wave
WARNING:  Structure already exists for mixed
WARNING:  Structure already exists for support
WARNING:  Structure already exists for spatial_coverage
WARNING:  Structure already exists for revision_history
WARNING:  Structure already exists for publication_info
WARNING:  Structure already exists for funding
WARNING:  Structure already exists for contact
WARNING:  Structure already exists for information_url
WARNING:  Structure already exists for association
WARNING:  Structure already exists for access_url
WARNING:  Structure already exists for data_extent
WARNING:  Structure already exists for time_span
WARNING:  Structure already exists for coordinate_system
WARNING:  Structure already exists for coordinate_system
WARNING:  Structure already exists for rendering_hints
WARNING:  Structure already exists for structure
WARNING:  Structure already exists for field
WARNING:  Structure already exists for particle
WARNING:  Structure already exists for wave
WARNING:  Structure already exists for mixed
WARNING:  Structure already exists for support
WARNING:  Structure already exists for spatial_coverage
WARNING:  Structure already exists for coordinate_system
WARNING:  Structure already exists for data_extent
WARNING:  Structure already exists for revision_history
WARNING:  Structure already exists for publication_info
WARNING:  Structure already exists for funding
WARNING:  Structure already exists for contact
WARNING:  Structure already exists for information_url
WARNING:  Structure already exists for association
WARNING:  Structure already exists for revision_history
WARNING:  Structure already exists for publication_info
WARNING:  Structure already exists for funding
WARNING:  Structure already exists for contact
WARNING:  Structure already exists for information_url
WARNING:  Structure already exists for association
WARNING:  Structure already exists for revision_history
WARNING:  Structure already exists for publication_info
WARNING:  Structure already exists for funding
WARNING:  Structure already exists for contact
WARNING:  Structure already exists for information_url
WARNING:  Structure already exists for association
WARNING:  Structure already exists for revision_history
WARNING:  Structure already exists for publication_info
WARNING:  Structure already exists for funding
WARNING:  Structure already exists for contact
WARNING:  Structure already exists for information_url
WARNING:  Structure already exists for association
WARNING:  Structure already exists for revision_history
WARNING:  Structure already exists for publication_info
WARNING:  Structure already exists for funding
WARNING:  Structure already exists for contact
WARNING:  Structure already exists for information_url
WARNING:  Structure already exists for association
WARNING:  Structure already exists for revision_history
WARNING:  Structure already exists for publication_info
WARNING:  Structure already exists for funding
WARNING:  Structure already exists for contact
WARNING:  Structure already exists for information_url
WARNING:  Structure already exists for association
WARNING:  Structure already exists for revision_history
WARNING:  Structure already exists for publication_info
WARNING:  Structure already exists for funding
WARNING:  Structure already exists for contact
WARNING:  Structure already exists for information_url
WARNING:  Structure already exists for association
WARNING:  Structure already exists for access_url
WARNING:  Structure already exists for data_extent
WARNING:  Structure already exists for revision_history
WARNING:  Structure already exists for publication_info
WARNING:  Structure already exists for funding
WARNING:  Structure already exists for contact
WARNING:  Structure already exists for information_url
WARNING:  Structure already exists for association
WARNING:  Structure already exists for access_url
WARNING:  Structure already exists for data_extent
WARNING:  Structure already exists for revision_history
WARNING:  Structure already exists for publication_info
WARNING:  Structure already exists for funding
WARNING:  Structure already exists for contact
WARNING:  Structure already exists for information_url
WARNING:  Structure already exists for association
WARNING:  Structure already exists for access_url
WARNING:  Structure already exists for data_extent
WARNING:  Structure already exists for spatial_coverage
WARNING:  Structure already exists for revision_history
WARNING:  Structure already exists for publication_info
WARNING:  Structure already exists for funding
WARNING:  Structure already exists for contact
WARNING:  Structure already exists for information_url
WARNING:  Structure already exists for association
WARNING:  Structure already exists for access_url
WARNING:  Structure already exists for data_extent
WARNING:  Structure already exists for coordinate_system
WARNING:  Structure already exists for revision_history
WARNING:  Structure already exists for publication_info
WARNING:  Structure already exists for funding
WARNING:  Structure already exists for contact
WARNING:  Structure already exists for information_url
WARNING:  Structure already exists for association
WARNING:  Structure already exists for access_url
WARNING:  Structure already exists for data_extent
WARNING:  Structure already exists for coordinate_system
WARNING:  Structure already exists for property
WARNING:  Structure already exists for property
WARNING:  Structure already exists for coordinate_system
WARNING:  Structure already exists for revision_history
WARNING:  Structure already exists for publication_info
WARNING:  Structure already exists for funding
WARNING:  Structure already exists for contact
WARNING:  Structure already exists for information_url
WARNING:  Structure already exists for association
WARNING:  Structure already exists for access_url
WARNING:  Structure already exists for data_extent
WARNING:  Structure already exists for time_span
WARNING:  Structure already exists for coordinate_system
WARNING:  Structure already exists for coordinate_system
WARNING:  Structure already exists for rendering_hints
WARNING:  Structure already exists for structure
WARNING:  Structure already exists for field
WARNING:  Structure already exists for particle
WARNING:  Structure already exists for wave
WARNING:  Structure already exists for mixed
WARNING:  Structure already exists for support
WARNING:  Structure already exists for spatial_coverage
WARNING:  Structure already exists for revision_history
WARNING:  Structure already exists for publication_info
WARNING:  Structure already exists for funding
WARNING:  Structure already exists for contact
WARNING:  Structure already exists for information_url
WARNING:  Structure already exists for association
WARNING:  Structure already exists for access_url
WARNING:  Structure already exists for data_extent
WARNING:  Structure already exists for time_span
WARNING:  Structure already exists for coordinate_system
WARNING:  Structure already exists for coordinate_system
WARNING:  Structure already exists for rendering_hints
WARNING:  Structure already exists for structure
WARNING:  Structure already exists for field
WARNING:  Structure already exists for particle
WARNING:  Structure already exists for wave
WARNING:  Structure already exists for mixed
WARNING:  Structure already exists for support
WARNING:  Structure already exists for spatial_coverage
WARNING:  Structure already exists for time_span
WARNING:  Structure already exists for parameter
WARNING:  Structure already exists for resource_header
WARNING:  Structure already exists for access_information
WARNING:  Structure already exists for spatial_coverage
WARNING:  Structure already exists for parameter
WARNING:  Structure already exists for resource_header
WARNING:  Structure already exists for access_information
WARNING:  Structure already exists for temporal_description
WARNING:  Structure already exists for spatial_coverage
WARNING:  Structure already exists for parameter
WARNING:  Structure already exists for spatial_coverage
WARNING:  Structure already exists for resource_header
WARNING:  Structure already exists for resource_header
WARNING:  Structure already exists for operating_span
WARNING:  Structure already exists for resource_header
WARNING:  Structure already exists for access_url
WARNING:  Structure already exists for resource_header
WARNING:  Structure already exists for access_url
WARNING:  Structure already exists for resource_header
WARNING:  Structure already exists for access_url
WARNING:  Structure already exists for resource_header
WARNING:  Structure already exists for time_span
WARNING:  Structure already exists for resource_header
WARNING:  Structure already exists for access_information
WARNING:  Structure already exists for resource_header
WARNING:  Structure already exists for access_information
WARNING:  Structure already exists for resource_header
WARNING:  Structure already exists for access_information
WARNING:  Structure already exists for resource_header
WARNING:  Structure already exists for resource_header
WARNING:  Structure already exists for access_information
WARNING:  Structure already exists for resource_header
WARNING:  Structure already exists for access_information
WARNING:  Structure already exists for temporal_description
WARNING:  Structure already exists for spatial_description
WARNING:  Structure already exists for parameter
WARNING:  Structure already exists for property
WARNING:  Structure already exists for resource_header
WARNING:  Structure already exists for access_information
WARNING:  Structure already exists for temporal_description
WARNING:  Structure already exists for spatial_description
WARNING:  Structure already exists for parameter
WARNING:  Structure already exists for property

***********************************************************************************************************************************************************************************************************************************************************************************

Structure Count:     78

rendering_hints       0
bin                   1
element               2
frequency_range       3
energy_range          4
azimuthal_angle_range 5
polar_angle_range     6
mass_range            7
pitch_angle_range     8
wavelength_range      9
coordinate_system    10
revision_event       11
structure            12
field                13
particle             14
wave                 15
mixed                16
support              17
spatial_coverage     18
revision_history     19
publication_info     20
funding              21
contact              22
information_url      23
association          24
access_url           25
data_extent          26
time_span            27
checksum             28
installer            29
model_version        30
property             31
parameter            32
diagnosis_time_step  33
boundary_conditions  34
resource_header      35
access_information   36
temporal_description 37
source               38
operating_span       39
location             40
observation_extent   41
execution_environment42
input_property       43
output_property      44
member               45
access_information_op46
versions             47
spatial_description  48
input_properties     49
output_parameters    50
model_specification  51
model_time           52
model_domain         53
region_parameter     54
input_parameter      55
input_population     56
input_field          57
input_process        58
catalog              59
display_data         60
numerical_data       61
granule              62
instrument           63
observatory          64
person               65
registry             66
repository           67
service              68
annotation           69
document             70
software             71
collection           72
model                73
model_run            74
display_output       75
numerical_output     76
spase                77

***********************************************************************************************************************************************************************************************************************************************************************************

***********************************************************************************************************************************************************************************************************************************************************************************


***********************************************************************************************************************************************************************************************************************************************************************************

Processing Stop:   Sat Oct 12 15:14:56 2024

Processing Time:      2.53 sec

***********************************************************************************************************************************************************************************************************************************************************************************

/home/jovyan/efs/lbargatze/Space/PROGRAMS/HARVEST/CDAWEB/

***********************************************************************************************************************************************************************************************************************************************************************************

Processing Check:  Sat Oct 12 15:14:56 2024

Processing Time:      3.23 sec

***********************************************************************************************************************************************************************************************************************************************************************************

***********************************************************************************************************************************************************************************************************************************************************************************

Processing Check:  Sat Oct 12 15:14:56 2024

Processing Time:      3.23 sec

***********************************************************************************************************************************************************************************************************************************************************************************

***********************************************************************************************************************************************************************************************************************************************************************************

Processing Check:  Sat Oct 12 15:14:56 2024

Processing Time:      3.23 sec

***********************************************************************************************************************************************************************************************************************************************************************************

***********************************************************************************************************************************************************************************************************************************************************************************

Processing Check:  Sat Oct 12 15:14:56 2024

Processing Time:      3.24 sec

***********************************************************************************************************************************************************************************************************************************************************************************

Metadata  File Name:        MASTERS_20240718/wi_wa_rad1_l3_df_00000000_v01.metadata

***********************************************************************************************************************************************************************************************************************************************************************************

Function:          CDAWEB_HARVEST_DATA_PRODUCT

Processing Start:  Sat Oct 12 15:14:59 2024

***********************************************************************************************************************************************************************************************************************************************************************************

Tab Table Input File Name:            /home/jovyan/efs/lbargatze/Space/PROGRAMS/HARVEST/CDAWEB/cdaweb_master_clean.tab

Tab Table Input File Name:            /home/jovyan/efs/lbargatze/Space/PROGRAMS/HARVEST/CDAWEB/numerical_data_parameter_all.tab

Tab Table Input File Name:            /home/jovyan/efs/lbargatze/Space/PROGRAMS/HARVEST/CDAWEB/cdaweb_start_stop_dates_table_all.tab

Tab Table Input File Name:            /home/jovyan/efs/lbargatze/Space/PROGRAMS/HARVEST/CDAWEB/cdaweb_customize.tab

Tab Table Input File Name:            /home/jovyan/efs/lbargatze/Space/PROGRAMS/HARVEST/CDAWEB/cdaweb_master_clean.tab

Tab Table Input File Name:            /home/jovyan/efs/lbargatze/Space/PROGRAMS/HARVEST/CDAWEB/numerical_data_parameter_all.tab

Spase XML Input File Name:            /home/jovyan/efs/lbargatze/Space/PROGRAMS/HARVEST/CDAWEB/XML/cdaweb_wi_wa_rad1_l3_df_yyyymmdd.xml

Spase XML Input File Name:            /home/jovyan/efs/lbargatze/Space/PROGRAMS/HARVEST/CDAWEB/XML/cdaweb_wi_wa_rad1_l3_df_yyyymmdd.xml

***********************************************************************************************************************************************************************************************************************************************************************************

Processing Stop:   Sat Oct 12 15:15:19 2024

Processing Time:     19.77 sec FINAL

***********************************************************************************************************************************************************************************************************************************************************************************

***********************************************************************************************************************************************************************************************************************************************************************************

Processing Stop:   Sat Oct 12 15:15:19 2024

Processing Time:     25.61 sec

***********************************************************************************************************************************************************************************************************************************************************************************

